Alt_L
Tab
Alt_L
Tab
Tab
Tab
Control_L
Control_L
r
Control_L
r
Control_L
r
b
l
o
g
n
o
e
Return
h
o
w
space
t
o
space
u
s
e
space
Return
t
w
i
t
t
Return
g
i
BackSpace
BackSpace
Alt_L
Shift_L
m
f
l
v
bracketleft
space
Alt_L
Shift_L
Shift_R

e
y
Shift_R
L
o
a
f
BackSpace
BackSpace
g
g
e
r
space
Alt_L
Shift_L
semicolon
j
k
comma
y
o
m
e
apostrophe
k
o
f
u
w
s
comma
Control_L
a
Alt_L
Shift_L
t
w
BackSpace
BackSpace
BackSpace
Shift_R
T
e
s
t
space
k
e
y
Shift_R
L
o
g
g
e
r
space
t
h
a
t
space
w
o
r
k
space
f
i
n
d
space
BackSpace
BackSpace
e
space
o
r
space
n
o
t
